

================================================================
== Vitis HLS Report for 'classifyinstance'
================================================================
* Date:           Fri Feb  4 15:24:09 2022

* Version:        2020.2 (Build 3064766 on Wed Nov 18 09:12:45 MST 2020)
* Project:        che-vitis
* Solution:       solution1 (Vivado IP Flow Target)
* Product family: zynq
* Target device:  xc7z020-clg484-1


================================================================
== Performance Estimates
================================================================
+ Timing: 
    * Summary: 
    +--------+----------+-----------+------------+
    |  Clock |  Target  | Estimated | Uncertainty|
    +--------+----------+-----------+------------+
    |ap_clk  |  20.00 ns|  16.158 ns|     5.40 ns|
    +--------+----------+-----------+------------+

+ Latency: 
    * Summary: 
    +---------+---------+----------+----------+-----+-----+---------+
    |  Latency (cycles) |  Latency (absolute) |  Interval | Pipeline|
    |   min   |   max   |    min   |    max   | min | max |   Type  |
    +---------+---------+----------+----------+-----+-----+---------+
    |        ?|        ?|         ?|         ?|    ?|    ?|     none|
    +---------+---------+----------+----------+-----+-----+---------+

    + Detail: 
        * Instance: 
        N/A

        * Loop: 
        +--------------------+---------+---------+----------+-----------+-----------+------+----------+
        |                    |  Latency (cycles) | Iteration|  Initiation Interval  | Trip |          |
        |      Loop Name     |   min   |   max   |  Latency |  achieved |   target  | Count| Pipelined|
        +--------------------+---------+---------+----------+-----------+-----------+------+----------+
        |- VITIS_LOOP_29_1   |       40|       40|         2|          2|          1|    20|       yes|
        |- VITIS_LOOP_77_1   |        ?|        ?|       227|         24|          1|     ?|       yes|
        |- VITIS_LOOP_103_1  |        6|        6|         1|          1|          1|     6|       yes|
        |- VITIS_LOOP_110_2  |       21|       21|         3|          1|          1|    20|       yes|
        |- VITIS_LOOP_124_3  |        7|        7|         2|          1|          1|     6|       yes|
        +--------------------+---------+---------+----------+-----------+-----------+------+----------+



================================================================
== Utilization Estimates
================================================================
* Summary: 
+-----------------+---------+-----+--------+-------+-----+
|       Name      | BRAM_18K| DSP |   FF   |  LUT  | URAM|
+-----------------+---------+-----+--------+-------+-----+
|DSP              |        -|    -|       -|      -|    -|
|Expression       |        -|    -|       0|   4841|    -|
|FIFO             |        -|    -|       -|      -|    -|
|Instance         |        -|   34|    2330|   5712|    -|
|Memory           |        0|    -|      16|      1|    -|
|Multiplexer      |        -|    -|       -|   1792|    -|
|Register         |        -|    -|   10176|   1088|    -|
+-----------------+---------+-----+--------+-------+-----+
|Total            |        0|   34|   12522|  13434|    0|
+-----------------+---------+-----+--------+-------+-----+
|Available        |      280|  220|  106400|  53200|    0|
+-----------------+---------+-----+--------+-------+-----+
|Utilization (%)  |        0|   15|      11|     25|    0|
+-----------------+---------+-----+--------+-------+-----+

+ Detail: 
    * Instance: 
    +---------------------------------------+------------------------------------+---------+----+-----+------+-----+
    |                Instance               |               Module               | BRAM_18K| DSP|  FF |  LUT | URAM|
    +---------------------------------------+------------------------------------+---------+----+-----+------+-----+
    |dadd_64ns_64ns_64_5_full_dsp_1_U4      |dadd_64ns_64ns_64_5_full_dsp_1      |        0|   3|  445|  1149|    0|
    |dadddsub_64ns_64ns_64_5_full_dsp_1_U1  |dadddsub_64ns_64ns_64_5_full_dsp_1  |        0|   3|  445|  1149|    0|
    |dadddsub_64ns_64ns_64_5_full_dsp_1_U2  |dadddsub_64ns_64ns_64_5_full_dsp_1  |        0|   3|  445|  1149|    0|
    |dadddsub_64ns_64ns_64_5_full_dsp_1_U3  |dadddsub_64ns_64ns_64_5_full_dsp_1  |        0|   3|  445|  1149|    0|
    |dcmp_64ns_64ns_1_2_no_dsp_1_U7         |dcmp_64ns_64ns_1_2_no_dsp_1         |        0|   0|    0|     0|    0|
    |dmul_64ns_64ns_64_4_max_dsp_1_U5       |dmul_64ns_64ns_64_4_max_dsp_1       |        0|  11|  275|   558|    0|
    |dmul_64ns_64ns_64_4_max_dsp_1_U6       |dmul_64ns_64ns_64_4_max_dsp_1       |        0|  11|  275|   558|    0|
    +---------------------------------------+------------------------------------+---------+----+-----+------+-----+
    |Total                                  |                                    |        0|  34| 2330|  5712|    0|
    +---------------------------------------+------------------------------------+---------+----+-----+------+-----+

    * DSP: 
    N/A

    * Memory: 
    +-------------+-----------+---------+----+----+-----+------+-----+------+-------------+
    |    Memory   |   Module  | BRAM_18K| FF | LUT| URAM| Words| Bits| Banks| W*Bits*Banks|
    +-------------+-----------+---------+----+----+-----+------+-----+------+-------------+
    |histogram_U  |histogram  |        0|  16|   1|    0|     6|    8|     1|           48|
    +-------------+-----------+---------+----+----+-----+------+-----+------+-------------+
    |Total        |           |        0|  16|   1|    0|     6|    8|     1|           48|
    +-------------+-----------+---------+----+----+-----+------+-----+------+-------------+

    * FIFO: 
    N/A

    * Expression: 
    +--------------------------------+----------+----+---+-----+------------+------------+
    |          Variable Name         | Operation| DSP| FF| LUT | Bitwidth P0| Bitwidth P1|
    +--------------------------------+----------+----+---+-----+------------+------------+
    |add_ln103_fu_3753_p2            |         +|   0|  0|   11|           3|           1|
    |add_ln110_fu_3780_p2            |         +|   0|  0|   13|           5|           1|
    |add_ln119_fu_3861_p2            |         +|   0|  0|   15|           8|           1|
    |add_ln29_fu_1190_p2             |         +|   0|  0|   13|           5|           1|
    |add_ln31_fu_1210_p2             |         +|   0|  0|   15|           8|           5|
    |add_ln58_fu_3732_p2             |         +|   0|  0|   15|           8|           5|
    |add_ln80_fu_1310_p2             |         +|   0|  0|   28|          21|          21|
    |add_ln84_10_fu_1472_p2          |         +|   0|  0|   25|          18|           4|
    |add_ln84_11_fu_1492_p2          |         +|   0|  0|   25|          18|           4|
    |add_ln84_12_fu_1502_p2          |         +|   0|  0|   25|          18|           4|
    |add_ln84_13_fu_1522_p2          |         +|   0|  0|   25|          18|           4|
    |add_ln84_14_fu_1532_p2          |         +|   0|  0|   25|          18|           4|
    |add_ln84_15_fu_1552_p2          |         +|   0|  0|   25|          18|           5|
    |add_ln84_16_fu_1562_p2          |         +|   0|  0|   25|          18|           5|
    |add_ln84_17_fu_1582_p2          |         +|   0|  0|   25|          18|           5|
    |add_ln84_18_fu_1592_p2          |         +|   0|  0|   25|          18|           5|
    |add_ln84_19_fu_1612_p2          |         +|   0|  0|   25|          18|           5|
    |add_ln84_1_fu_1340_p2           |         +|   0|  0|   25|          18|           2|
    |add_ln84_20_fu_1622_p2          |         +|   0|  0|   25|          18|           5|
    |add_ln84_21_fu_1642_p2          |         +|   0|  0|   25|          18|           5|
    |add_ln84_22_fu_1652_p2          |         +|   0|  0|   25|          18|           5|
    |add_ln84_23_fu_1672_p2          |         +|   0|  0|   25|          18|           5|
    |add_ln84_24_fu_1682_p2          |         +|   0|  0|   25|          18|           5|
    |add_ln84_25_fu_1702_p2          |         +|   0|  0|   25|          18|           5|
    |add_ln84_26_fu_1712_p2          |         +|   0|  0|   25|          18|           5|
    |add_ln84_27_fu_1732_p2          |         +|   0|  0|   25|          18|           5|
    |add_ln84_28_fu_1742_p2          |         +|   0|  0|   25|          18|           5|
    |add_ln84_29_fu_1762_p2          |         +|   0|  0|   25|          18|           5|
    |add_ln84_2_fu_1351_p2           |         +|   0|  0|   25|          18|           2|
    |add_ln84_30_fu_1772_p2          |         +|   0|  0|   25|          18|           5|
    |add_ln84_31_fu_1792_p2          |         +|   0|  0|   25|          18|           6|
    |add_ln84_32_fu_1802_p2          |         +|   0|  0|   25|          18|           6|
    |add_ln84_33_fu_1822_p2          |         +|   0|  0|   25|          18|           6|
    |add_ln84_34_fu_1832_p2          |         +|   0|  0|   25|          18|           6|
    |add_ln84_35_fu_1852_p2          |         +|   0|  0|   25|          18|           6|
    |add_ln84_36_fu_1862_p2          |         +|   0|  0|   25|          18|           6|
    |add_ln84_37_fu_1882_p2          |         +|   0|  0|   25|          18|           6|
    |add_ln84_38_fu_1892_p2          |         +|   0|  0|   25|          18|           6|
    |add_ln84_39_fu_1912_p2          |         +|   0|  0|   25|          18|           6|
    |add_ln84_3_fu_1372_p2           |         +|   0|  0|   25|          18|           3|
    |add_ln84_40_fu_1922_p2          |         +|   0|  0|   25|          18|           6|
    |add_ln84_41_fu_1946_p2          |         +|   0|  0|   25|          18|           6|
    |add_ln84_4_fu_1382_p2           |         +|   0|  0|   25|          18|           3|
    |add_ln84_5_fu_1402_p2           |         +|   0|  0|   25|          18|           3|
    |add_ln84_6_fu_1412_p2           |         +|   0|  0|   25|          18|           3|
    |add_ln84_7_fu_1432_p2           |         +|   0|  0|   25|          18|           4|
    |add_ln84_8_fu_1442_p2           |         +|   0|  0|   25|          18|           4|
    |add_ln84_9_fu_1462_p2           |         +|   0|  0|   25|          18|           4|
    |add_ln84_fu_1281_p2             |         +|   0|  0|   39|          32|           1|
    |l_1_fu_3873_p2                  |         +|   0|  0|   11|           3|           1|
    |and_ln49_10_fu_2454_p2          |       and|   0|  0|    2|           1|           1|
    |and_ln49_11_fu_2552_p2          |       and|   0|  0|    2|           1|           1|
    |and_ln49_12_fu_2558_p2          |       and|   0|  0|    2|           1|           1|
    |and_ln49_13_fu_2635_p2          |       and|   0|  0|    2|           1|           1|
    |and_ln49_14_fu_2641_p2          |       and|   0|  0|    2|           1|           1|
    |and_ln49_15_fu_2738_p2          |       and|   0|  0|    2|           1|           1|
    |and_ln49_16_fu_2744_p2          |       and|   0|  0|    2|           1|           1|
    |and_ln49_17_fu_2824_p2          |       and|   0|  0|    2|           1|           1|
    |and_ln49_18_fu_2830_p2          |       and|   0|  0|    2|           1|           1|
    |and_ln49_19_fu_2908_p2          |       and|   0|  0|    2|           1|           1|
    |and_ln49_1_fu_2089_p2           |       and|   0|  0|    2|           1|           1|
    |and_ln49_20_fu_2914_p2          |       and|   0|  0|    2|           1|           1|
    |and_ln49_21_fu_2970_p2          |       and|   0|  0|    2|           1|           1|
    |and_ln49_22_fu_2976_p2          |       and|   0|  0|    2|           1|           1|
    |and_ln49_23_fu_3053_p2          |       and|   0|  0|    2|           1|           1|
    |and_ln49_24_fu_3059_p2          |       and|   0|  0|    2|           1|           1|
    |and_ln49_25_fu_3115_p2          |       and|   0|  0|    2|           1|           1|
    |and_ln49_26_fu_3121_p2          |       and|   0|  0|    2|           1|           1|
    |and_ln49_27_fu_3198_p2          |       and|   0|  0|    2|           1|           1|
    |and_ln49_28_fu_3204_p2          |       and|   0|  0|    2|           1|           1|
    |and_ln49_29_fu_3260_p2          |       and|   0|  0|    2|           1|           1|
    |and_ln49_2_fu_2095_p2           |       and|   0|  0|    2|           1|           1|
    |and_ln49_30_fu_3266_p2          |       and|   0|  0|    2|           1|           1|
    |and_ln49_31_fu_3343_p2          |       and|   0|  0|    2|           1|           1|
    |and_ln49_32_fu_3349_p2          |       and|   0|  0|    2|           1|           1|
    |and_ln49_33_fu_3408_p2          |       and|   0|  0|    2|           1|           1|
    |and_ln49_34_fu_3414_p2          |       and|   0|  0|    2|           1|           1|
    |and_ln49_35_fu_3492_p2          |       and|   0|  0|    2|           1|           1|
    |and_ln49_36_fu_3498_p2          |       and|   0|  0|    2|           1|           1|
    |and_ln49_37_fu_3554_p2          |       and|   0|  0|    2|           1|           1|
    |and_ln49_38_fu_3560_p2          |       and|   0|  0|    2|           1|           1|
    |and_ln49_3_fu_2172_p2           |       and|   0|  0|    2|           1|           1|
    |and_ln49_4_fu_2178_p2           |       and|   0|  0|    2|           1|           1|
    |and_ln49_5_fu_2258_p2           |       and|   0|  0|    2|           1|           1|
    |and_ln49_6_fu_2264_p2           |       and|   0|  0|    2|           1|           1|
    |and_ln49_7_fu_2362_p2           |       and|   0|  0|    2|           1|           1|
    |and_ln49_8_fu_2368_p2           |       and|   0|  0|    2|           1|           1|
    |and_ln49_9_fu_2448_p2           |       and|   0|  0|    2|           1|           1|
    |and_ln49_fu_2011_p2             |       and|   0|  0|    2|           1|           1|
    |and_ln56_1_fu_3669_p2           |       and|   0|  0|    2|           1|           1|
    |and_ln56_fu_3663_p2             |       and|   0|  0|    2|           1|           1|
    |addr_cmp_fu_3840_p2             |      icmp|   0|  0|   29|          64|          64|
    |grp_fu_1022_p2                  |      icmp|   0|  0|   11|          11|           2|
    |grp_fu_1038_p2                  |      icmp|   0|  0|   11|          11|           2|
    |icmp_ln103_fu_3759_p2           |      icmp|   0|  0|    8|           3|           3|
    |icmp_ln110_fu_3786_p2           |      icmp|   0|  0|    9|           5|           5|
    |icmp_ln124_fu_3879_p2           |      icmp|   0|  0|    8|           3|           3|
    |icmp_ln126_fu_3890_p2           |      icmp|   0|  0|   11|           8|           8|
    |icmp_ln29_fu_1196_p2            |      icmp|   0|  0|    9|           5|           5|
    |icmp_ln49_11_fu_2044_p2         |      icmp|   0|  0|   24|          52|           1|
    |icmp_ln49_12_fu_2240_p2         |      icmp|   0|  0|   11|          11|           2|
    |icmp_ln49_13_fu_2246_p2         |      icmp|   0|  0|   24|          52|           1|
    |icmp_ln49_15_fu_2117_p2         |      icmp|   0|  0|   24|          52|           1|
    |icmp_ln49_16_fu_2344_p2         |      icmp|   0|  0|   11|          11|           2|
    |icmp_ln49_17_fu_2350_p2         |      icmp|   0|  0|   24|          52|           1|
    |icmp_ln49_19_fu_2127_p2         |      icmp|   0|  0|   24|          52|           1|
    |icmp_ln49_1_fu_1991_p2          |      icmp|   0|  0|   24|          52|           1|
    |icmp_ln49_20_fu_2430_p2         |      icmp|   0|  0|   11|          11|           2|
    |icmp_ln49_21_fu_2436_p2         |      icmp|   0|  0|   24|          52|           1|
    |icmp_ln49_23_fu_2200_p2         |      icmp|   0|  0|   24|          52|           1|
    |icmp_ln49_24_fu_2534_p2         |      icmp|   0|  0|   11|          11|           2|
    |icmp_ln49_25_fu_2540_p2         |      icmp|   0|  0|   24|          52|           1|
    |icmp_ln49_27_fu_2210_p2         |      icmp|   0|  0|   24|          52|           1|
    |icmp_ln49_28_fu_2617_p2         |      icmp|   0|  0|   11|          11|           2|
    |icmp_ln49_29_fu_2623_p2         |      icmp|   0|  0|   24|          52|           1|
    |icmp_ln49_31_fu_2307_p2         |      icmp|   0|  0|   24|          52|           1|
    |icmp_ln49_32_fu_2720_p2         |      icmp|   0|  0|   11|          11|           2|
    |icmp_ln49_33_fu_2726_p2         |      icmp|   0|  0|   24|          52|           1|
    |icmp_ln49_35_fu_2317_p2         |      icmp|   0|  0|   24|          52|           1|
    |icmp_ln49_36_fu_2806_p2         |      icmp|   0|  0|   11|          11|           2|
    |icmp_ln49_37_fu_2812_p2         |      icmp|   0|  0|   24|          52|           1|
    |icmp_ln49_39_fu_2390_p2         |      icmp|   0|  0|   24|          52|           1|
    |icmp_ln49_3_fu_2001_p2          |      icmp|   0|  0|   24|          52|           1|
    |icmp_ln49_40_fu_2890_p2         |      icmp|   0|  0|   11|          11|           2|
    |icmp_ln49_41_fu_2896_p2         |      icmp|   0|  0|   24|          52|           1|
    |icmp_ln49_43_fu_2400_p2         |      icmp|   0|  0|   24|          52|           1|
    |icmp_ln49_44_fu_2952_p2         |      icmp|   0|  0|   11|          11|           2|
    |icmp_ln49_45_fu_2958_p2         |      icmp|   0|  0|   24|          52|           1|
    |icmp_ln49_47_fu_2497_p2         |      icmp|   0|  0|   24|          52|           1|
    |icmp_ln49_48_fu_3035_p2         |      icmp|   0|  0|   11|          11|           2|
    |icmp_ln49_49_fu_3041_p2         |      icmp|   0|  0|   24|          52|           1|
    |icmp_ln49_4_fu_2071_p2          |      icmp|   0|  0|   11|          11|           2|
    |icmp_ln49_51_fu_2507_p2         |      icmp|   0|  0|   24|          52|           1|
    |icmp_ln49_52_fu_3097_p2         |      icmp|   0|  0|   11|          11|           2|
    |icmp_ln49_53_fu_3103_p2         |      icmp|   0|  0|   24|          52|           1|
    |icmp_ln49_55_fu_2580_p2         |      icmp|   0|  0|   24|          52|           1|
    |icmp_ln49_56_fu_3180_p2         |      icmp|   0|  0|   11|          11|           2|
    |icmp_ln49_57_fu_3186_p2         |      icmp|   0|  0|   24|          52|           1|
    |icmp_ln49_59_fu_2590_p2         |      icmp|   0|  0|   24|          52|           1|
    |icmp_ln49_5_fu_2077_p2          |      icmp|   0|  0|   24|          52|           1|
    |icmp_ln49_60_fu_3242_p2         |      icmp|   0|  0|   11|          11|           2|
    |icmp_ln49_61_fu_3248_p2         |      icmp|   0|  0|   24|          52|           1|
    |icmp_ln49_63_fu_2683_p2         |      icmp|   0|  0|   24|          52|           1|
    |icmp_ln49_64_fu_3325_p2         |      icmp|   0|  0|   11|          11|           2|
    |icmp_ln49_65_fu_3331_p2         |      icmp|   0|  0|   24|          52|           1|
    |icmp_ln49_67_fu_2693_p2         |      icmp|   0|  0|   24|          52|           1|
    |icmp_ln49_68_fu_3390_p2         |      icmp|   0|  0|   11|          11|           2|
    |icmp_ln49_69_fu_3396_p2         |      icmp|   0|  0|   24|          52|           1|
    |icmp_ln49_71_fu_2766_p2         |      icmp|   0|  0|   24|          52|           1|
    |icmp_ln49_72_fu_3474_p2         |      icmp|   0|  0|   11|          11|           2|
    |icmp_ln49_73_fu_3480_p2         |      icmp|   0|  0|   24|          52|           1|
    |icmp_ln49_75_fu_2776_p2         |      icmp|   0|  0|   24|          52|           1|
    |icmp_ln49_76_fu_3536_p2         |      icmp|   0|  0|   11|          11|           2|
    |icmp_ln49_77_fu_3542_p2         |      icmp|   0|  0|   24|          52|           1|
    |icmp_ln49_7_fu_2034_p2          |      icmp|   0|  0|   24|          52|           1|
    |icmp_ln49_8_fu_2154_p2          |      icmp|   0|  0|   11|          11|           2|
    |icmp_ln49_9_fu_2160_p2          |      icmp|   0|  0|   24|          52|           1|
    |icmp_ln56_1_fu_3647_p2          |      icmp|   0|  0|   24|          52|           1|
    |icmp_ln56_2_fu_3611_p2          |      icmp|   0|  0|   11|          11|           2|
    |icmp_ln56_3_fu_3617_p2          |      icmp|   0|  0|   24|          52|           1|
    |icmp_ln56_fu_3641_p2            |      icmp|   0|  0|   11|          11|           2|
    |icmp_ln77_fu_1287_p2            |      icmp|   0|  0|   18|          32|          32|
    |lshr_ln112_fu_3822_p2           |      lshr|   0|  0|  182|          64|          64|
    |lshr_ln80_fu_1972_p2            |      lshr|   0|  0|  182|          64|          64|
    |or_ln49_10_fu_2067_p2           |        or|   0|  0|    2|           1|           1|
    |or_ln49_11_fu_2083_p2           |        or|   0|  0|    2|           1|           1|
    |or_ln49_12_fu_2150_p2           |        or|   0|  0|    2|           1|           1|
    |or_ln49_13_fu_2166_p2           |        or|   0|  0|    2|           1|           1|
    |or_ln49_14_fu_2236_p2           |        or|   0|  0|    2|           1|           1|
    |or_ln49_15_fu_2252_p2           |        or|   0|  0|    2|           1|           1|
    |or_ln49_16_fu_2340_p2           |        or|   0|  0|    2|           1|           1|
    |or_ln49_17_fu_2356_p2           |        or|   0|  0|    2|           1|           1|
    |or_ln49_18_fu_2426_p2           |        or|   0|  0|    2|           1|           1|
    |or_ln49_19_fu_2442_p2           |        or|   0|  0|    2|           1|           1|
    |or_ln49_1_fu_2475_p2            |        or|   0|  0|    2|           1|           1|
    |or_ln49_20_fu_2530_p2           |        or|   0|  0|    2|           1|           1|
    |or_ln49_21_fu_2546_p2           |        or|   0|  0|    2|           1|           1|
    |or_ln49_22_fu_2613_p2           |        or|   0|  0|    2|           1|           1|
    |or_ln49_23_fu_2629_p2           |        or|   0|  0|    2|           1|           1|
    |or_ln49_24_fu_2716_p2           |        or|   0|  0|    2|           1|           1|
    |or_ln49_25_fu_2732_p2           |        or|   0|  0|    2|           1|           1|
    |or_ln49_26_fu_2802_p2           |        or|   0|  0|    2|           1|           1|
    |or_ln49_27_fu_2818_p2           |        or|   0|  0|    2|           1|           1|
    |or_ln49_28_fu_2886_p2           |        or|   0|  0|    2|           1|           1|
    |or_ln49_29_fu_2902_p2           |        or|   0|  0|    2|           1|           1|
    |or_ln49_2_fu_2662_p2            |        or|   0|  0|    2|           1|           1|
    |or_ln49_30_fu_2948_p2           |        or|   0|  0|    2|           1|           1|
    |or_ln49_31_fu_2964_p2           |        or|   0|  0|    2|           1|           1|
    |or_ln49_32_fu_3031_p2           |        or|   0|  0|    2|           1|           1|
    |or_ln49_33_fu_3047_p2           |        or|   0|  0|    2|           1|           1|
    |or_ln49_34_fu_3093_p2           |        or|   0|  0|    2|           1|           1|
    |or_ln49_35_fu_3109_p2           |        or|   0|  0|    2|           1|           1|
    |or_ln49_36_fu_3176_p2           |        or|   0|  0|    2|           1|           1|
    |or_ln49_37_fu_3192_p2           |        or|   0|  0|    2|           1|           1|
    |or_ln49_38_fu_3238_p2           |        or|   0|  0|    2|           1|           1|
    |or_ln49_39_fu_3254_p2           |        or|   0|  0|    2|           1|           1|
    |or_ln49_3_fu_2851_p2            |        or|   0|  0|    2|           1|           1|
    |or_ln49_40_fu_3321_p2           |        or|   0|  0|    2|           1|           1|
    |or_ln49_41_fu_3337_p2           |        or|   0|  0|    2|           1|           1|
    |or_ln49_42_fu_3386_p2           |        or|   0|  0|    2|           1|           1|
    |or_ln49_43_fu_3402_p2           |        or|   0|  0|    2|           1|           1|
    |or_ln49_44_fu_3470_p2           |        or|   0|  0|    2|           1|           1|
    |or_ln49_45_fu_3486_p2           |        or|   0|  0|    2|           1|           1|
    |or_ln49_46_fu_3532_p2           |        or|   0|  0|    2|           1|           1|
    |or_ln49_47_fu_3548_p2           |        or|   0|  0|    2|           1|           1|
    |or_ln49_4_fu_2997_p2            |        or|   0|  0|    2|           1|           1|
    |or_ln49_5_fu_3142_p2            |        or|   0|  0|    2|           1|           1|
    |or_ln49_6_fu_3287_p2            |        or|   0|  0|    2|           1|           1|
    |or_ln49_7_fu_3435_p2            |        or|   0|  0|    2|           1|           1|
    |or_ln49_8_fu_3581_p2            |        or|   0|  0|    2|           1|           1|
    |or_ln49_9_fu_2007_p2            |        or|   0|  0|    2|           1|           1|
    |or_ln49_fu_2285_p2              |        or|   0|  0|    2|           1|           1|
    |or_ln56_1_fu_3659_p2            |        or|   0|  0|    2|           1|           1|
    |or_ln56_fu_3653_p2              |        or|   0|  0|    2|           1|           1|
    |classification_id_1_fu_3908_p3  |    select|   0|  0|    8|           1|           8|
    |max_1_fu_3900_p3                |    select|   0|  0|    8|           1|           8|
    |reuse_select_fu_3854_p3         |    select|   0|  0|    8|           1|           8|
    |select_ln49_10_fu_2564_p3       |    select|   0|  0|   64|           1|          64|
    |select_ln49_11_fu_2647_p3       |    select|   0|  0|   64|           1|          64|
    |select_ln49_12_fu_2654_p3       |    select|   0|  0|    3|           1|           2|
    |select_ln49_13_fu_2667_p3       |    select|   0|  0|    3|           1|           3|
    |select_ln49_14_fu_2750_p3       |    select|   0|  0|   64|           1|          64|
    |select_ln49_15_fu_2836_p3       |    select|   0|  0|   64|           1|          64|
    |select_ln49_16_fu_2843_p3       |    select|   0|  0|    5|           1|           4|
    |select_ln49_17_fu_2856_p3       |    select|   0|  0|    4|           1|           4|
    |select_ln49_18_fu_2920_p3       |    select|   0|  0|   64|           1|          64|
    |select_ln49_19_fu_2982_p3       |    select|   0|  0|   64|           1|          64|
    |select_ln49_1_fu_2101_p3        |    select|   0|  0|   64|           1|          64|
    |select_ln49_20_fu_2989_p3       |    select|   0|  0|    4|           1|           4|
    |select_ln49_21_fu_3002_p3       |    select|   0|  0|    4|           1|           4|
    |select_ln49_22_fu_3065_p3       |    select|   0|  0|   64|           1|          64|
    |select_ln49_23_fu_3127_p3       |    select|   0|  0|   64|           1|          64|
    |select_ln49_24_fu_3134_p3       |    select|   0|  0|    4|           1|           3|
    |select_ln49_25_fu_3147_p3       |    select|   0|  0|    4|           1|           4|
    |select_ln49_26_fu_3210_p3       |    select|   0|  0|   64|           1|          64|
    |select_ln49_27_fu_3272_p3       |    select|   0|  0|   64|           1|          64|
    |select_ln49_28_fu_3279_p3       |    select|   0|  0|    3|           1|           2|
    |select_ln49_29_fu_3292_p3       |    select|   0|  0|    4|           1|           4|
    |select_ln49_2_fu_2184_p3        |    select|   0|  0|   64|           1|          64|
    |select_ln49_30_fu_3355_p3       |    select|   0|  0|   64|           1|          64|
    |select_ln49_31_fu_3420_p3       |    select|   0|  0|   64|           1|          64|
    |select_ln49_32_fu_3427_p3       |    select|   0|  0|    6|           1|           5|
    |select_ln49_33_fu_3440_p3       |    select|   0|  0|    5|           1|           5|
    |select_ln49_34_fu_3504_p3       |    select|   0|  0|   64|           1|          64|
    |select_ln49_35_fu_3566_p3       |    select|   0|  0|   64|           1|          64|
    |select_ln49_36_fu_3573_p3       |    select|   0|  0|    5|           1|           5|
    |select_ln49_37_fu_3586_p3       |    select|   0|  0|    5|           1|           5|
    |select_ln49_3_fu_2270_p3        |    select|   0|  0|   64|           1|          64|
    |select_ln49_4_fu_2277_p3        |    select|   0|  0|    3|           1|           2|
    |select_ln49_5_fu_2290_p3        |    select|   0|  0|    2|           1|           2|
    |select_ln49_6_fu_2374_p3        |    select|   0|  0|   64|           1|          64|
    |select_ln49_7_fu_2460_p3        |    select|   0|  0|   64|           1|          64|
    |select_ln49_8_fu_2467_p3        |    select|   0|  0|    4|           1|           3|
    |select_ln49_9_fu_2480_p3        |    select|   0|  0|    3|           1|           3|
    |select_ln49_fu_2017_p3          |    select|   0|  0|   64|           1|          64|
    |shl_ln33_2_fu_1266_p2           |       shl|   0|  0|  182|           8|          64|
    |shl_ln33_fu_1239_p2             |       shl|   0|  0|   17|           1|           8|
    |shl_ln57_2_fu_3704_p2           |       shl|   0|  0|  182|          64|          64|
    |shl_ln57_fu_3685_p2             |       shl|   0|  0|   17|           1|           8|
    |ap_enable_pp1                   |       xor|   0|  0|    2|           1|           2|
    |ap_enable_pp3                   |       xor|   0|  0|    2|           1|           2|
    |ap_enable_pp4                   |       xor|   0|  0|    2|           1|           2|
    |ap_enable_reg_pp3_iter1         |       xor|   0|  0|    2|           2|           1|
    +--------------------------------+----------+----+---+-----+------------+------------+
    |Total                           |          |   0|  0| 4841|        3675|        2176|
    +--------------------------------+----------+----+---+-----+------------+------------+

    * Multiplexer: 
    +------------------------------+-----+-----------+-----+-----------+
    |             Name             | LUT | Input Size| Bits| Total Bits|
    +------------------------------+-----+-----------+-----+-----------+
    |ap_NS_fsm                     |  159|         36|    1|         36|
    |ap_enable_reg_pp1_iter9       |    9|          2|    1|          2|
    |ap_enable_reg_pp3_iter1       |    9|          2|    1|          2|
    |ap_enable_reg_pp3_iter2       |    9|          2|    1|          2|
    |ap_enable_reg_pp4_iter1       |    9|          2|    1|          2|
    |ap_phi_mux_i_1_phi_fu_916_p4  |    9|          2|   32|         64|
    |ap_phi_mux_l_phi_fu_950_p4    |    9|          2|    3|          6|
    |best_points_address0          |   65|         15|    5|         75|
    |best_points_address1          |   65|         12|    5|         60|
    |best_points_d0                |   25|          5|   64|        320|
    |best_points_we0               |   20|          4|    8|         32|
    |classification_id_reg_958     |    9|          2|    8|         16|
    |grp_fu_1002_p0                |   31|          6|   64|        384|
    |grp_fu_1002_p1                |   31|          6|   64|        384|
    |grp_fu_1006_opcode            |   14|          3|    5|         15|
    |grp_fu_1006_p0                |  113|         22|   64|       1408|
    |grp_fu_1006_p1                |  113|         22|   64|       1408|
    |grp_fu_981_opcode             |   14|          3|    2|          6|
    |grp_fu_981_p0                 |   31|          6|   64|        384|
    |grp_fu_981_p1                 |  113|         25|   64|       1600|
    |grp_fu_985_opcode             |   14|          3|    2|          6|
    |grp_fu_985_p0                 |   20|          4|   64|        256|
    |grp_fu_985_p1                 |  113|         24|   64|       1536|
    |grp_fu_990_opcode             |   14|          3|    2|          6|
    |grp_fu_990_p0                 |   65|         12|   64|        768|
    |grp_fu_990_p1                 |  113|         23|   64|       1472|
    |grp_fu_994_p0                 |   37|          7|   64|        448|
    |grp_fu_994_p1                 |   87|         18|   64|       1152|
    |grp_fu_998_p0                 |   48|          9|   64|        576|
    |grp_fu_998_p1                 |   48|          9|   64|        576|
    |histogram_address0            |   14|          3|    3|          9|
    |histogram_address1            |   14|          3|    3|          9|
    |histogram_d0                  |   14|          3|    8|         24|
    |i_1_reg_912                   |    9|          2|   32|         64|
    |i_2_reg_924                   |    9|          2|    3|          6|
    |i_reg_901                     |    9|          2|    5|         10|
    |j_reg_935                     |    9|          2|    5|         10|
    |known_points_soa_address0     |  113|         23|   18|        414|
    |known_points_soa_address1     |  113|         23|   18|        414|
    |l_reg_946                     |    9|          2|    3|          6|
    |max_reg_970                   |    9|          2|    8|         16|
    |reg_1170                      |    9|          2|   64|        128|
    |reg_1175                      |    9|          2|   64|        128|
    |reg_1180                      |    9|          2|   64|        128|
    |reg_1185                      |    9|          2|   64|        128|
    |reuse_addr_reg_fu_280         |    9|          2|   64|        128|
    |reuse_reg_fu_284              |    9|          2|    8|         16|
    +------------------------------+-----+-----------+-----+-----------+
    |Total                         | 1792|        370| 1471|      14640|
    +------------------------------+-----+-----------+-----+-----------+

    * Register: 
    +----------------------------------------+-----+----+-----+-----------+
    |                  Name                  |  FF | LUT| Bits| Const Bits|
    +----------------------------------------+-----+----+-----+-----------+
    |add_ln29_reg_3935                       |    5|   0|    5|          0|
    |add_ln84_reg_4065                       |   32|   0|   32|          0|
    |addr_cmp_reg_5424                       |    1|   0|    1|          0|
    |and_ln49_12_reg_5046                    |    1|   0|    1|          0|
    |and_ln49_16_reg_5132                    |    1|   0|    1|          0|
    |and_ln49_20_reg_5193                    |    1|   0|    1|          0|
    |and_ln49_24_reg_5229                    |    1|   0|    1|          0|
    |and_ln49_28_reg_5270                    |    1|   0|    1|          0|
    |and_ln49_2_reg_4846                     |    1|   0|    1|          0|
    |and_ln49_32_reg_5306                    |    1|   0|    1|          0|
    |and_ln49_36_reg_5342                    |    1|   0|    1|          0|
    |and_ln49_4_reg_4884                     |    1|   0|    1|          0|
    |and_ln49_8_reg_4960                     |    1|   0|    1|          0|
    |and_ln56_1_reg_5387                     |    1|   0|    1|          0|
    |ap_CS_fsm                               |   35|   0|   35|          0|
    |ap_enable_reg_pp1_iter0                 |    1|   0|    1|          0|
    |ap_enable_reg_pp1_iter1                 |    1|   0|    1|          0|
    |ap_enable_reg_pp1_iter2                 |    1|   0|    1|          0|
    |ap_enable_reg_pp1_iter3                 |    1|   0|    1|          0|
    |ap_enable_reg_pp1_iter4                 |    1|   0|    1|          0|
    |ap_enable_reg_pp1_iter5                 |    1|   0|    1|          0|
    |ap_enable_reg_pp1_iter6                 |    1|   0|    1|          0|
    |ap_enable_reg_pp1_iter7                 |    1|   0|    1|          0|
    |ap_enable_reg_pp1_iter8                 |    1|   0|    1|          0|
    |ap_enable_reg_pp1_iter9                 |    1|   0|    1|          0|
    |ap_enable_reg_pp3_iter0                 |    1|   0|    1|          0|
    |ap_enable_reg_pp3_iter1                 |    1|   0|    1|          0|
    |ap_enable_reg_pp3_iter2                 |    1|   0|    1|          0|
    |ap_enable_reg_pp4_iter0                 |    1|   0|    1|          0|
    |ap_enable_reg_pp4_iter1                 |    1|   0|    1|          0|
    |best_points_load_12_reg_4988            |   64|   0|   64|          0|
    |best_points_load_14_reg_5031            |   64|   0|   64|          0|
    |best_points_load_16_reg_5074            |   64|   0|   64|          0|
    |best_points_load_18_reg_5117            |   64|   0|   64|          0|
    |best_points_load_20_reg_5160            |   64|   0|   64|          0|
    |bitcast_ln49_10_reg_5187                |   64|   0|   64|          0|
    |bitcast_ln49_11_reg_5205                |   64|   0|   64|          0|
    |bitcast_ln49_12_reg_5223                |   64|   0|   64|          0|
    |bitcast_ln49_13_reg_5241                |   64|   0|   64|          0|
    |bitcast_ln49_14_reg_5259                |   64|   0|   64|          0|
    |bitcast_ln49_15_reg_5282                |   64|   0|   64|          0|
    |bitcast_ln49_16_reg_5300                |   64|   0|   64|          0|
    |bitcast_ln49_17_reg_5318                |   64|   0|   64|          0|
    |bitcast_ln49_18_reg_5336                |   64|   0|   64|          0|
    |bitcast_ln49_19_reg_5354                |   64|   0|   64|          0|
    |bitcast_ln49_1_reg_4820                 |   64|   0|   64|          0|
    |bitcast_ln49_2_reg_4858                 |   64|   0|   64|          0|
    |bitcast_ln49_3_reg_4896                 |   64|   0|   64|          0|
    |bitcast_ln49_4_reg_4934                 |   64|   0|   64|          0|
    |bitcast_ln49_5_reg_4972                 |   64|   0|   64|          0|
    |bitcast_ln49_6_reg_5015                 |   64|   0|   64|          0|
    |bitcast_ln49_7_reg_5058                 |   64|   0|   64|          0|
    |bitcast_ln49_8_reg_5101                 |   64|   0|   64|          0|
    |bitcast_ln49_9_reg_5144                 |   64|   0|   64|          0|
    |bitcast_ln49_reg_4787                   |   64|   0|   64|          0|
    |bitcast_ln56_reg_5382                   |   64|   0|   64|          0|
    |bitcast_ln84_reg_3958                   |   64|   0|   64|          0|
    |classification_id_reg_958               |    8|   0|    8|          0|
    |distance_1_11_reg_4782                  |   64|   0|   64|          0|
    |distance_1_40_reg_5265                  |   64|   0|   64|          0|
    |empty_22_reg_4084                       |   18|   0|   18|          0|
    |histogram_addr_1_reg_5418               |    3|   0|    3|          0|
    |i_1_reg_912                             |   32|   0|   32|          0|
    |i_2_reg_924                             |    3|   0|    3|          0|
    |i_reg_901                               |    5|   0|    5|          0|
    |icmp_ln110_reg_5404                     |    1|   0|    1|          0|
    |icmp_ln110_reg_5404_pp3_iter1_reg       |    1|   0|    1|          0|
    |icmp_ln124_reg_5434                     |    1|   0|    1|          0|
    |icmp_ln49_10_reg_4836                   |    1|   0|    1|          0|
    |icmp_ln49_11_reg_4841                   |    1|   0|    1|          0|
    |icmp_ln49_14_reg_4864                   |    1|   0|    1|          0|
    |icmp_ln49_15_reg_4869                   |    1|   0|    1|          0|
    |icmp_ln49_18_reg_4874                   |    1|   0|    1|          0|
    |icmp_ln49_19_reg_4879                   |    1|   0|    1|          0|
    |icmp_ln49_1_reg_4798                    |    1|   0|    1|          0|
    |icmp_ln49_22_reg_4902                   |    1|   0|    1|          0|
    |icmp_ln49_23_reg_4907                   |    1|   0|    1|          0|
    |icmp_ln49_26_reg_4912                   |    1|   0|    1|          0|
    |icmp_ln49_27_reg_4917                   |    1|   0|    1|          0|
    |icmp_ln49_2_reg_4803                    |    1|   0|    1|          0|
    |icmp_ln49_30_reg_4940                   |    1|   0|    1|          0|
    |icmp_ln49_31_reg_4945                   |    1|   0|    1|          0|
    |icmp_ln49_34_reg_4950                   |    1|   0|    1|          0|
    |icmp_ln49_35_reg_4955                   |    1|   0|    1|          0|
    |icmp_ln49_38_reg_4978                   |    1|   0|    1|          0|
    |icmp_ln49_39_reg_4983                   |    1|   0|    1|          0|
    |icmp_ln49_3_reg_4808                    |    1|   0|    1|          0|
    |icmp_ln49_42_reg_4993                   |    1|   0|    1|          0|
    |icmp_ln49_43_reg_4998                   |    1|   0|    1|          0|
    |icmp_ln49_46_reg_5021                   |    1|   0|    1|          0|
    |icmp_ln49_47_reg_5026                   |    1|   0|    1|          0|
    |icmp_ln49_50_reg_5036                   |    1|   0|    1|          0|
    |icmp_ln49_51_reg_5041                   |    1|   0|    1|          0|
    |icmp_ln49_54_reg_5064                   |    1|   0|    1|          0|
    |icmp_ln49_55_reg_5069                   |    1|   0|    1|          0|
    |icmp_ln49_58_reg_5079                   |    1|   0|    1|          0|
    |icmp_ln49_59_reg_5084                   |    1|   0|    1|          0|
    |icmp_ln49_62_reg_5107                   |    1|   0|    1|          0|
    |icmp_ln49_63_reg_5112                   |    1|   0|    1|          0|
    |icmp_ln49_66_reg_5122                   |    1|   0|    1|          0|
    |icmp_ln49_67_reg_5127                   |    1|   0|    1|          0|
    |icmp_ln49_6_reg_4826                    |    1|   0|    1|          0|
    |icmp_ln49_70_reg_5150                   |    1|   0|    1|          0|
    |icmp_ln49_71_reg_5155                   |    1|   0|    1|          0|
    |icmp_ln49_74_reg_5165                   |    1|   0|    1|          0|
    |icmp_ln49_75_reg_5170                   |    1|   0|    1|          0|
    |icmp_ln49_7_reg_4831                    |    1|   0|    1|          0|
    |icmp_ln49_reg_4793                      |    1|   0|    1|          0|
    |icmp_ln56_2_reg_5372                    |    1|   0|    1|          0|
    |icmp_ln56_3_reg_5377                    |    1|   0|    1|          0|
    |icmp_ln77_reg_4070                      |    1|   0|    1|          0|
    |j_reg_935                               |    5|   0|    5|          0|
    |known_point_classification_id_reg_4702  |    8|   0|    8|          0|
    |l_1_reg_5429                            |    3|   0|    3|          0|
    |l_reg_946                               |    3|   0|    3|          0|
    |lshr_ln1_reg_3953                       |    2|   0|    2|          0|
    |lshr_ln2_reg_4127                       |   18|   0|   18|          0|
    |max_reg_970                             |    8|   0|    8|          0|
    |mul_i_10_reg_4452                       |   64|   0|   64|          0|
    |mul_i_11_reg_4477                       |   64|   0|   64|          0|
    |mul_i_12_reg_4482                       |   64|   0|   64|          0|
    |mul_i_13_reg_4507                       |   64|   0|   64|          0|
    |mul_i_14_reg_4512                       |   64|   0|   64|          0|
    |mul_i_15_reg_4537                       |   64|   0|   64|          0|
    |mul_i_16_reg_4542                       |   64|   0|   64|          0|
    |mul_i_17_reg_4567                       |   64|   0|   64|          0|
    |mul_i_18_reg_4572                       |   64|   0|   64|          0|
    |mul_i_19_reg_4597                       |   64|   0|   64|          0|
    |mul_i_1_reg_4302                        |   64|   0|   64|          0|
    |mul_i_20_reg_4602                       |   64|   0|   64|          0|
    |mul_i_21_reg_4627                       |   64|   0|   64|          0|
    |mul_i_22_reg_4632                       |   64|   0|   64|          0|
    |mul_i_23_reg_4662                       |   64|   0|   64|          0|
    |mul_i_24_reg_4667                       |   64|   0|   64|          0|
    |mul_i_25_reg_4687                       |   64|   0|   64|          0|
    |mul_i_26_reg_4692                       |   64|   0|   64|          0|
    |mul_i_27_reg_4707                       |   64|   0|   64|          0|
    |mul_i_28_reg_4712                       |   64|   0|   64|          0|
    |mul_i_29_reg_4717                       |   64|   0|   64|          0|
    |mul_i_2_reg_4327                        |   64|   0|   64|          0|
    |mul_i_30_reg_4722                       |   64|   0|   64|          0|
    |mul_i_31_reg_4727                       |   64|   0|   64|          0|
    |mul_i_32_reg_4732                       |   64|   0|   64|          0|
    |mul_i_33_reg_4737                       |   64|   0|   64|          0|
    |mul_i_34_reg_4742                       |   64|   0|   64|          0|
    |mul_i_35_reg_4747                       |   64|   0|   64|          0|
    |mul_i_36_reg_4752                       |   64|   0|   64|          0|
    |mul_i_37_reg_4757                       |   64|   0|   64|          0|
    |mul_i_38_reg_4762                       |   64|   0|   64|          0|
    |mul_i_39_reg_4767                       |   64|   0|   64|          0|
    |mul_i_3_reg_4332                        |   64|   0|   64|          0|
    |mul_i_40_reg_4772                       |   64|   0|   64|          0|
    |mul_i_41_reg_4777                       |   64|   0|   64|          0|
    |mul_i_4_reg_4357                        |   64|   0|   64|          0|
    |mul_i_5_reg_4362                        |   64|   0|   64|          0|
    |mul_i_6_reg_4387                        |   64|   0|   64|          0|
    |mul_i_6_reg_4387_pp1_iter1_reg          |   64|   0|   64|          0|
    |mul_i_7_reg_4392                        |   64|   0|   64|          0|
    |mul_i_7_reg_4392_pp1_iter1_reg          |   64|   0|   64|          0|
    |mul_i_8_reg_4417                        |   64|   0|   64|          0|
    |mul_i_8_reg_4417_pp1_iter1_reg          |   64|   0|   64|          0|
    |mul_i_9_reg_4422                        |   64|   0|   64|          0|
    |mul_i_9_reg_4422_pp1_iter1_reg          |   64|   0|   64|          0|
    |mul_i_reg_4297                          |   64|   0|   64|          0|
    |mul_i_s_reg_4447                        |   64|   0|   64|          0|
    |reg_1044                                |   64|   0|   64|          0|
    |reg_1050                                |   64|   0|   64|          0|
    |reg_1056                                |   64|   0|   64|          0|
    |reg_1064                                |   64|   0|   64|          0|
    |reg_1072                                |   64|   0|   64|          0|
    |reg_1078                                |   64|   0|   64|          0|
    |reg_1086                                |   64|   0|   64|          0|
    |reg_1093                                |   64|   0|   64|          0|
    |reg_1101                                |   64|   0|   64|          0|
    |reg_1108                                |   64|   0|   64|          0|
    |reg_1115                                |   64|   0|   64|          0|
    |reg_1120                                |   64|   0|   64|          0|
    |reg_1126                                |   64|   0|   64|          0|
    |reg_1132                                |   64|   0|   64|          0|
    |reg_1138                                |   64|   0|   64|          0|
    |reg_1143                                |   64|   0|   64|          0|
    |reg_1148                                |   64|   0|   64|          0|
    |reg_1154                                |   64|   0|   64|          0|
    |reg_1160                                |   64|   0|   64|          0|
    |reg_1166                                |   64|   0|   64|          0|
    |reg_1170                                |   64|   0|   64|          0|
    |reg_1175                                |   64|   0|   64|          0|
    |reg_1180                                |   64|   0|   64|          0|
    |reg_1185                                |   64|   0|   64|          0|
    |reuse_addr_reg_fu_280                   |   64|   0|   64|          0|
    |reuse_reg_fu_284                        |    8|   0|    8|          0|
    |select_ln49_10_reg_5051                 |   64|   0|   64|          0|
    |select_ln49_11_reg_5089                 |   64|   0|   64|          0|
    |select_ln49_13_reg_5096                 |    3|   0|    3|          0|
    |select_ln49_14_reg_5137                 |   64|   0|   64|          0|
    |select_ln49_15_reg_5175                 |   64|   0|   64|          0|
    |select_ln49_17_reg_5182                 |    4|   0|    4|          0|
    |select_ln49_18_reg_5198                 |   64|   0|   64|          0|
    |select_ln49_19_reg_5211                 |   64|   0|   64|          0|
    |select_ln49_1_reg_4851                  |   64|   0|   64|          0|
    |select_ln49_21_reg_5218                 |    4|   0|    4|          0|
    |select_ln49_22_reg_5234                 |   64|   0|   64|          0|
    |select_ln49_23_reg_5247                 |   64|   0|   64|          0|
    |select_ln49_25_reg_5254                 |    4|   0|    4|          0|
    |select_ln49_26_reg_5275                 |   64|   0|   64|          0|
    |select_ln49_27_reg_5288                 |   64|   0|   64|          0|
    |select_ln49_29_reg_5295                 |    4|   0|    4|          0|
    |select_ln49_2_reg_4889                  |   64|   0|   64|          0|
    |select_ln49_30_reg_5311                 |   64|   0|   64|          0|
    |select_ln49_31_reg_5324                 |   64|   0|   64|          0|
    |select_ln49_33_reg_5331                 |    5|   0|    5|          0|
    |select_ln49_34_reg_5347                 |   64|   0|   64|          0|
    |select_ln49_37_reg_5365                 |    5|   0|    5|          0|
    |select_ln49_3_reg_4922                  |   64|   0|   64|          0|
    |select_ln49_5_reg_4929                  |    2|   0|    2|          0|
    |select_ln49_6_reg_4965                  |   64|   0|   64|          0|
    |select_ln49_7_reg_5003                  |   64|   0|   64|          0|
    |select_ln49_9_reg_5010                  |    3|   0|    3|          0|
    |select_ln49_reg_4813                    |   64|   0|   64|          0|
    |shl_ln33_reg_3948                       |    8|   0|    8|          0|
    |trunc_ln112_reg_5413                    |    3|   0|    3|          0|
    |trunc_ln33_reg_3943                     |    3|   0|    3|          0|
    |trunc_ln80_reg_4132                     |    3|   0|    3|          0|
    |known_point_classification_id_reg_4702  |   64|  32|    8|          0|
    |mul_i_10_reg_4452                       |   64|  32|   64|          0|
    |mul_i_11_reg_4477                       |   64|  32|   64|          0|
    |mul_i_12_reg_4482                       |   64|  32|   64|          0|
    |mul_i_13_reg_4507                       |   64|  32|   64|          0|
    |mul_i_14_reg_4512                       |   64|  32|   64|          0|
    |mul_i_15_reg_4537                       |   64|  32|   64|          0|
    |mul_i_16_reg_4542                       |   64|  32|   64|          0|
    |mul_i_17_reg_4567                       |   64|  32|   64|          0|
    |mul_i_18_reg_4572                       |   64|  32|   64|          0|
    |mul_i_19_reg_4597                       |   64|  32|   64|          0|
    |mul_i_20_reg_4602                       |   64|  32|   64|          0|
    |mul_i_21_reg_4627                       |   64|  32|   64|          0|
    |mul_i_22_reg_4632                       |   64|  32|   64|          0|
    |mul_i_23_reg_4662                       |   64|  32|   64|          0|
    |mul_i_24_reg_4667                       |   64|  32|   64|          0|
    |mul_i_25_reg_4687                       |   64|  32|   64|          0|
    |mul_i_26_reg_4692                       |   64|  32|   64|          0|
    |mul_i_27_reg_4707                       |   64|  32|   64|          0|
    |mul_i_28_reg_4712                       |   64|  32|   64|          0|
    |mul_i_29_reg_4717                       |   64|  32|   64|          0|
    |mul_i_30_reg_4722                       |   64|  32|   64|          0|
    |mul_i_31_reg_4727                       |   64|  32|   64|          0|
    |mul_i_32_reg_4732                       |   64|  32|   64|          0|
    |mul_i_33_reg_4737                       |   64|  32|   64|          0|
    |mul_i_34_reg_4742                       |   64|  32|   64|          0|
    |mul_i_35_reg_4747                       |   64|  32|   64|          0|
    |mul_i_36_reg_4752                       |   64|  32|   64|          0|
    |mul_i_37_reg_4757                       |   64|  32|   64|          0|
    |mul_i_38_reg_4762                       |   64|  32|   64|          0|
    |mul_i_39_reg_4767                       |   64|  32|   64|          0|
    |mul_i_40_reg_4772                       |   64|  32|   64|          0|
    |mul_i_41_reg_4777                       |   64|  32|   64|          0|
    |mul_i_s_reg_4447                        |   64|  32|   64|          0|
    +----------------------------------------+-----+----+-----+-----------+
    |Total                                   |10176|1088|10120|          0|
    +----------------------------------------+-----+----+-----+-----------+



================================================================
== Interface
================================================================
* Summary: 
+-----------------------------+-----+-----+------------+-----------------------------+--------------+
|          RTL Ports          | Dir | Bits|  Protocol  |        Source Object        |    C Type    |
+-----------------------------+-----+-----+------------+-----------------------------+--------------+
|ap_clk                       |   in|    1|  ap_ctrl_hs|             classifyinstance|  return value|
|ap_rst                       |   in|    1|  ap_ctrl_hs|             classifyinstance|  return value|
|ap_start                     |   in|    1|  ap_ctrl_hs|             classifyinstance|  return value|
|ap_done                      |  out|    1|  ap_ctrl_hs|             classifyinstance|  return value|
|ap_idle                      |  out|    1|  ap_ctrl_hs|             classifyinstance|  return value|
|ap_ready                     |  out|    1|  ap_ctrl_hs|             classifyinstance|  return value|
|ap_return                    |  out|    8|  ap_ctrl_hs|             classifyinstance|  return value|
|new_point_features           |   in|   64|     ap_none|           new_point_features|       pointer|
|new_point_classification_id  |   in|    8|     ap_none|  new_point_classification_id|        scalar|
|best_points_address0         |  out|    5|   ap_memory|                  best_points|         array|
|best_points_ce0              |  out|    1|   ap_memory|                  best_points|         array|
|best_points_we0              |  out|    8|   ap_memory|                  best_points|         array|
|best_points_d0               |  out|   64|   ap_memory|                  best_points|         array|
|best_points_q0               |   in|   64|   ap_memory|                  best_points|         array|
|best_points_address1         |  out|    5|   ap_memory|                  best_points|         array|
|best_points_ce1              |  out|    1|   ap_memory|                  best_points|         array|
|best_points_q1               |   in|   64|   ap_memory|                  best_points|         array|
|num_classes                  |   in|   32|     ap_none|                  num_classes|        scalar|
|known_points_soa_address0    |  out|   18|   ap_memory|             known_points_soa|         array|
|known_points_soa_ce0         |  out|    1|   ap_memory|             known_points_soa|         array|
|known_points_soa_q0          |   in|   64|   ap_memory|             known_points_soa|         array|
|known_points_soa_address1    |  out|   18|   ap_memory|             known_points_soa|         array|
|known_points_soa_ce1         |  out|    1|   ap_memory|             known_points_soa|         array|
|known_points_soa_q1          |   in|   64|   ap_memory|             known_points_soa|         array|
|num_points                   |   in|   32|     ap_none|                   num_points|        scalar|
|num_features                 |   in|   32|     ap_none|                 num_features|        scalar|
+-----------------------------+-----+-----+------------+-----------------------------+--------------+

