

================================================================
== Synthesis Summary Report of 'classifyinstance'
================================================================
+ General Information: 
    * Date:           Fri Feb  4 15:24:12 2022
    * Version:        2020.2 (Build 3064766 on Wed Nov 18 09:12:45 MST 2020)
    * Project:        che-vitis
    * Solution:       solution1 (Vivado IP Flow Target)
    * Product family: zynq
    * Target device:  xc7z020-clg484-1
    

+ Performance & Resource Estimates: 
    
    PS: '+' for module; 'o' for loop; '*' for dataflow
    +---------------------+--------+--------+---------+---------+----------+---------+------+----------+------+----------+-------------+-------------+-----+
    |       Modules       |  Issue |        | Latency | Latency | Iteration|         | Trip |          |      |          |             |             |     |
    |       & Loops       |  Type  |  Slack | (cycles)|   (ns)  |  Latency | Interval| Count| Pipelined| BRAM |    DSP   |      FF     |     LUT     | URAM|
    +---------------------+--------+--------+---------+---------+----------+---------+------+----------+------+----------+-------------+-------------+-----+
    |+ classifyinstance   |  Timing|    1.56|        -|        -|         -|        -|     -|        no|     -|  34 (15%)|  12522 (11%)|  13434 (25%)|    -|
    | o VITIS_LOOP_29_1   |      II|  -14.60|       40|  800.000|         2|        2|    20|       yes|     -|         -|            -|            -|    -|
    | o VITIS_LOOP_77_1   |      II|  -14.60|        -|        -|       227|       24|     -|       yes|     -|         -|            -|            -|    -|
    | o VITIS_LOOP_103_1  |       -|  -14.60|        6|  120.000|         1|        1|     6|       yes|     -|         -|            -|            -|    -|
    | o VITIS_LOOP_110_2  |       -|  -14.60|       21|  420.000|         3|        1|    20|       yes|     -|         -|            -|            -|    -|
    | o VITIS_LOOP_124_3  |       -|  -14.60|        7|  140.000|         2|        1|     6|       yes|     -|         -|            -|            -|    -|
    +---------------------+--------+--------+---------+---------+----------+---------+------+----------+------+----------+-------------+-------------+-----+

